<?xml version="1.0" encoding="UTF-8"?>
<coverage generated="1600085057">
  <project timestamp="1600085057">
    <file name="/code/src/Jenssegers/Mongodb/Auth/DatabaseTokenRepository.php">
      <class name="Jenssegers\Mongodb\Auth\DatabaseTokenRepository" namespace="global">
        <metrics complexity="8" methods="4" coveredmethods="0" conditionals="0" coveredconditionals="0" statements="16" coveredstatements="0" elements="20" coveredelements="0"/>
      </class>
      <line num="15" type="method" name="getPayload" visibility="protected" complexity="1" crap="2" count="0"/>
      <line num="18" type="stmt" count="0"/>
      <line num="19" type="stmt" count="0"/>
      <line num="20" type="stmt" count="0"/>
      <line num="27" type="method" name="tokenExpired" visibility="protected" complexity="1" crap="2" count="0"/>
      <line num="29" type="stmt" count="0"/>
      <line num="31" type="stmt" count="0"/>
      <line num="37" type="method" name="tokenRecentlyCreated" visibility="protected" complexity="1" crap="2" count="0"/>
      <line num="39" type="stmt" count="0"/>
      <line num="41" type="stmt" count="0"/>
      <line num="44" type="method" name="convertDateTime" visibility="private" complexity="5" crap="30" count="0"/>
      <line num="47" type="stmt" count="0"/>
      <line num="48" type="stmt" count="0"/>
      <line num="49" type="stmt" count="0"/>
      <line num="50" type="stmt" count="0"/>
      <line num="51" type="stmt" count="0"/>
      <line num="52" type="stmt" count="0"/>
      <line num="53" type="stmt" count="0"/>
      <line num="54" type="stmt" count="0"/>
      <line num="57" type="stmt" count="0"/>
      <metrics loc="59" ncloc="49" classes="1" methods="4" coveredmethods="0" conditionals="0" coveredconditionals="0" statements="16" coveredstatements="0" elements="20" coveredelements="0"/>
    </file>
    <file name="/code/src/Jenssegers/Mongodb/Auth/PasswordBrokerManager.php">
      <class name="Jenssegers\Mongodb\Auth\PasswordBrokerManager" namespace="global">
        <metrics complexity="1" methods="1" coveredmethods="0" conditionals="0" coveredconditionals="0" statements="6" coveredstatements="0" elements="7" coveredelements="0"/>
      </class>
      <line num="12" type="method" name="createTokenRepository" visibility="protected" complexity="1" crap="2" count="0"/>
      <line num="14" type="stmt" count="0"/>
      <line num="15" type="stmt" count="0"/>
      <line num="16" type="stmt" count="0"/>
      <line num="17" type="stmt" count="0"/>
      <line num="18" type="stmt" count="0"/>
      <line num="19" type="stmt" count="0"/>
      <metrics loc="22" ncloc="19" classes="1" methods="1" coveredmethods="0" conditionals="0" coveredconditionals="0" statements="6" coveredstatements="0" elements="7" coveredelements="0"/>
    </file>
    <file name="/code/src/Jenssegers/Mongodb/Auth/PasswordResetServiceProvider.php">
      <class name="Jenssegers\Mongodb\Auth\PasswordResetServiceProvider" namespace="global">
        <metrics complexity="2" methods="2" coveredmethods="0" conditionals="0" coveredconditionals="0" statements="15" coveredstatements="5" elements="17" coveredelements="5"/>
      </class>
      <line num="13" type="method" name="registerTokenRepository" visibility="protected" complexity="1" crap="2" count="0"/>
      <line num="15" type="stmt" count="0"/>
      <line num="16" type="stmt" count="0"/>
      <line num="21" type="stmt" count="0"/>
      <line num="23" type="stmt" count="0"/>
      <line num="25" type="stmt" count="0"/>
      <line num="27" type="stmt" count="0"/>
      <line num="28" type="stmt" count="0"/>
      <line num="29" type="stmt" count="0"/>
      <line num="34" type="method" name="registerPasswordBroker" visibility="protected" complexity="1" crap="1.02" count="186"/>
      <line num="36" type="stmt" count="186"/>
      <line num="37" type="stmt" count="0"/>
      <line num="38" type="stmt" count="186"/>
      <line num="40" type="stmt" count="186"/>
      <line num="41" type="stmt" count="0"/>
      <line num="42" type="stmt" count="186"/>
      <line num="43" type="stmt" count="186"/>
      <metrics loc="44" ncloc="37" classes="1" methods="2" coveredmethods="0" conditionals="0" coveredconditionals="0" statements="15" coveredstatements="5" elements="17" coveredelements="5"/>
    </file>
    <file name="/code/src/Jenssegers/Mongodb/Auth/User.php">
      <class name="Jenssegers\Mongodb\Auth\User" namespace="global">
        <metrics complexity="0" methods="0" coveredmethods="0" conditionals="0" coveredconditionals="0" statements="0" coveredstatements="0" elements="0" coveredelements="0"/>
      </class>
      <metrics loc="19" ncloc="19" classes="0" methods="0" coveredmethods="0" conditionals="0" coveredconditionals="0" statements="0" coveredstatements="0" elements="0" coveredelements="0"/>
    </file>
    <file name="/code/src/Jenssegers/Mongodb/Collection.php">
      <class name="Jenssegers\Mongodb\Collection" namespace="global">
        <metrics complexity="13" methods="4" coveredmethods="3" conditionals="0" coveredconditionals="0" statements="33" coveredstatements="31" elements="37" coveredelements="34"/>
      </class>
      <line num="28" type="method" name="__construct" visibility="public" complexity="1" crap="1" count="178"/>
      <line num="30" type="stmt" count="178"/>
      <line num="31" type="stmt" count="178"/>
      <line num="32" type="stmt" count="178"/>
      <line num="34" type="method" name="parametersToArray" visibility="private" complexity="4" crap="4" count="177"/>
      <line num="36" type="stmt" count="177"/>
      <line num="37" type="stmt" count="168"/>
      <line num="38" type="stmt" count="1"/>
      <line num="40" type="stmt" count="168"/>
      <line num="42" type="stmt" count="177"/>
      <line num="43" type="stmt" count="177"/>
      <line num="44" type="stmt" count="168"/>
      <line num="46" type="stmt" count="177"/>
      <line num="49" type="method" name="parametersToLogArray" visibility="private" complexity="4" crap="4" count="2"/>
      <line num="51" type="stmt" count="2"/>
      <line num="52" type="stmt" count="2"/>
      <line num="53" type="stmt" count="1"/>
      <line num="55" type="stmt" count="1"/>
      <line num="57" type="stmt" count="2"/>
      <line num="58" type="stmt" count="2"/>
      <line num="59" type="stmt" count="2"/>
      <line num="61" type="stmt" count="2"/>
      <line num="70" type="method" name="__call" visibility="public" complexity="4" crap="4.05" count="177"/>
      <line num="72" type="stmt" count="177"/>
      <line num="73" type="stmt" count="177"/>
      <line num="74" type="stmt" count="177"/>
      <line num="76" type="stmt" count="177"/>
      <line num="80" type="stmt" count="2"/>
      <line num="82" type="stmt" count="2"/>
      <line num="85" type="stmt" count="2"/>
      <line num="88" type="stmt" count="2"/>
      <line num="90" type="stmt" count="2"/>
      <line num="91" type="stmt" count="0"/>
      <line num="92" type="stmt" count="0"/>
      <line num="96" type="stmt" count="2"/>
      <line num="98" type="stmt" count="2"/>
      <line num="101" type="stmt" count="177"/>
      <metrics loc="103" ncloc="85" classes="1" methods="4" coveredmethods="3" conditionals="0" coveredconditionals="0" statements="33" coveredstatements="31" elements="37" coveredelements="34"/>
    </file>
    <file name="/code/src/Jenssegers/Mongodb/Connection.php">
      <class name="Jenssegers\Mongodb\Connection" namespace="global">
        <metrics complexity="35" methods="20" coveredmethods="17" conditionals="0" coveredconditionals="0" statements="44" coveredstatements="41" elements="64" coveredelements="58"/>
      </class>
      <line num="27" type="method" name="__construct" visibility="public" complexity="1" crap="1" count="186"/>
      <line num="29" type="stmt" count="186"/>
      <line num="32" type="stmt" count="186"/>
      <line num="35" type="stmt" count="186"/>
      <line num="38" type="stmt" count="186"/>
      <line num="41" type="stmt" count="186"/>
      <line num="43" type="stmt" count="186"/>
      <line num="45" type="stmt" count="186"/>
      <line num="47" type="stmt" count="186"/>
      <line num="48" type="stmt" count="186"/>
      <line num="55" type="method" name="collection" visibility="public" complexity="1" crap="1" count="47"/>
      <line num="57" type="stmt" count="47"/>
      <line num="59" type="stmt" count="47"/>
      <line num="68" type="method" name="table" visibility="public" complexity="1" crap="1" count="8"/>
      <line num="70" type="stmt" count="8"/>
      <line num="78" type="method" name="getCollection" visibility="public" complexity="1" crap="1" count="177"/>
      <line num="80" type="stmt" count="177"/>
      <line num="86" type="method" name="getSchemaBuilder" visibility="public" complexity="1" crap="1" count="22"/>
      <line num="88" type="stmt" count="22"/>
      <line num="95" type="method" name="getMongoDB" visibility="public" complexity="1" crap="1" count="5"/>
      <line num="97" type="stmt" count="5"/>
      <line num="104" type="method" name="getMongoClient" visibility="public" complexity="1" crap="1" count="4"/>
      <line num="106" type="stmt" count="4"/>
      <line num="112" type="method" name="getDatabaseName" visibility="public" complexity="1" crap="2" count="0"/>
      <line num="114" type="stmt" count="0"/>
      <line num="124" type="method" name="createConnection" visibility="protected" complexity="7" crap="7.10" count="186"/>
      <line num="127" type="stmt" count="186"/>
      <line num="129" type="stmt" count="186"/>
      <line num="130" type="stmt" count="0"/>
      <line num="134" type="stmt" count="186"/>
      <line num="135" type="stmt" count="1"/>
      <line num="137" type="stmt" count="186"/>
      <line num="138" type="stmt" count="1"/>
      <line num="141" type="stmt" count="186"/>
      <line num="147" type="method" name="disconnect" visibility="public" complexity="1" crap="1" count="1"/>
      <line num="149" type="stmt" count="1"/>
      <line num="150" type="stmt" count="1"/>
      <line num="157" type="method" name="hasDsnString" visibility="protected" complexity="2" crap="2" count="186"/>
      <line num="159" type="stmt" count="186"/>
      <line num="167" type="method" name="getDsnString" visibility="protected" complexity="1" crap="1" count="1"/>
      <line num="169" type="stmt" count="1"/>
      <line num="177" type="method" name="getHostDsn" visibility="protected" complexity="8" crap="8" count="186"/>
      <line num="180" type="stmt" count="186"/>
      <line num="182" type="stmt" count="186"/>
      <line num="184" type="stmt" count="186"/>
      <line num="185" type="stmt" count="1"/>
      <line num="190" type="stmt" count="186"/>
      <line num="192" type="stmt" count="186"/>
      <line num="200" type="method" name="getDsn" visibility="protected" complexity="2" crap="2" count="186"/>
      <line num="202" type="stmt" count="186"/>
      <line num="203" type="stmt" count="1"/>
      <line num="204" type="stmt" count="186"/>
      <line num="210" type="method" name="getElapsedTime" visibility="public" complexity="1" crap="1" count="1"/>
      <line num="212" type="stmt" count="1"/>
      <line num="218" type="method" name="getDriverName" visibility="public" complexity="1" crap="1" count="186"/>
      <line num="220" type="stmt" count="186"/>
      <line num="226" type="method" name="getDefaultPostProcessor" visibility="protected" complexity="1" crap="1" count="186"/>
      <line num="228" type="stmt" count="186"/>
      <line num="234" type="method" name="getDefaultQueryGrammar" visibility="protected" complexity="1" crap="1" count="186"/>
      <line num="236" type="stmt" count="186"/>
      <line num="242" type="method" name="getDefaultSchemaGrammar" visibility="protected" complexity="1" crap="1" count="186"/>
      <line num="244" type="stmt" count="186"/>
      <line num="253" type="method" name="__call" visibility="public" complexity="1" crap="2" count="0"/>
      <line num="255" type="stmt" count="0"/>
      <metrics loc="257" ncloc="164" classes="1" methods="20" coveredmethods="17" conditionals="0" coveredconditionals="0" statements="44" coveredstatements="41" elements="64" coveredelements="58"/>
    </file>
    <file name="/code/src/Jenssegers/Mongodb/Eloquent/Builder.php">
      <class name="Jenssegers\Mongodb\Eloquent\Builder" namespace="global">
        <metrics complexity="22" methods="10" coveredmethods="5" conditionals="0" coveredconditionals="0" statements="47" coveredstatements="41" elements="57" coveredelements="46"/>
      </class>
      <line num="36" type="method" name="update" visibility="public" complexity="2" crap="2" count="22"/>
      <line num="40" type="stmt" count="22"/>
      <line num="41" type="stmt" count="11"/>
      <line num="43" type="stmt" count="11"/>
      <line num="46" type="stmt" count="12"/>
      <line num="52" type="method" name="insert" visibility="public" complexity="2" crap="2.50" count="3"/>
      <line num="56" type="stmt" count="3"/>
      <line num="57" type="stmt" count="0"/>
      <line num="59" type="stmt" count="0"/>
      <line num="62" type="stmt" count="3"/>
      <line num="68" type="method" name="insertGetId" visibility="public" complexity="2" crap="2" count="107"/>
      <line num="72" type="stmt" count="107"/>
      <line num="73" type="stmt" count="31"/>
      <line num="75" type="stmt" count="31"/>
      <line num="78" type="stmt" count="107"/>
      <line num="84" type="method" name="delete" visibility="public" complexity="2" crap="2" count="8"/>
      <line num="88" type="stmt" count="8"/>
      <line num="89" type="stmt" count="6"/>
      <line num="91" type="stmt" count="6"/>
      <line num="94" type="stmt" count="2"/>
      <line num="100" type="method" name="increment" visibility="public" complexity="2" crap="2.01" count="1"/>
      <line num="104" type="stmt" count="1"/>
      <line num="105" type="stmt" count="1"/>
      <line num="110" type="stmt" count="1"/>
      <line num="112" type="stmt" count="1"/>
      <line num="114" type="stmt" count="1"/>
      <line num="116" type="stmt" count="1"/>
      <line num="119" type="stmt" count="0"/>
      <line num="125" type="method" name="decrement" visibility="public" complexity="2" crap="2.02" count="1"/>
      <line num="129" type="stmt" count="1"/>
      <line num="130" type="stmt" count="1"/>
      <line num="135" type="stmt" count="1"/>
      <line num="137" type="stmt" count="1"/>
      <line num="139" type="stmt" count="1"/>
      <line num="142" type="stmt" count="0"/>
      <line num="148" type="method" name="chunkById" visibility="public" complexity="1" crap="1" count="1"/>
      <line num="150" type="stmt" count="1"/>
      <line num="156" type="method" name="raw" visibility="public" complexity="5" crap="5.03" count="2"/>
      <line num="159" type="stmt" count="2"/>
      <line num="162" type="stmt" count="2"/>
      <line num="163" type="stmt" count="1"/>
      <line num="165" type="stmt" count="1"/>
      <line num="167" type="stmt" count="2"/>
      <line num="168" type="stmt" count="1"/>
      <line num="170" type="stmt" count="1"/>
      <line num="172" type="stmt" count="2"/>
      <line num="173" type="stmt" count="0"/>
      <line num="176" type="stmt" count="2"/>
      <line num="187" type="method" name="addUpdatedAtColumn" visibility="protected" complexity="3" crap="3" count="12"/>
      <line num="189" type="stmt" count="12"/>
      <line num="190" type="stmt" count="1"/>
      <line num="193" type="stmt" count="11"/>
      <line num="194" type="stmt" count="11"/>
      <line num="195" type="stmt" count="11"/>
      <line num="199" type="stmt" count="11"/>
      <line num="205" type="method" name="getConnection" visibility="public" complexity="1" crap="2" count="0"/>
      <line num="207" type="stmt" count="0"/>
      <metrics loc="209" ncloc="170" classes="1" methods="10" coveredmethods="5" conditionals="0" coveredconditionals="0" statements="47" coveredstatements="41" elements="57" coveredelements="46"/>
    </file>
    <file name="/code/src/Jenssegers/Mongodb/Eloquent/EmbedsRelations.php">
      <class name="Jenssegers\Mongodb\Eloquent\EmbedsRelations" namespace="global">
        <metrics complexity="8" methods="2" coveredmethods="2" conditionals="0" coveredconditionals="0" statements="20" coveredstatements="20" elements="22" coveredelements="22"/>
      </class>
      <line num="19" type="method" name="embedsMany" visibility="protected" complexity="4" crap="4" count="30"/>
      <line num="24" type="stmt" count="30"/>
      <line num="25" type="stmt" count="30"/>
      <line num="27" type="stmt" count="30"/>
      <line num="30" type="stmt" count="30"/>
      <line num="31" type="stmt" count="30"/>
      <line num="34" type="stmt" count="30"/>
      <line num="35" type="stmt" count="30"/>
      <line num="38" type="stmt" count="30"/>
      <line num="40" type="stmt" count="30"/>
      <line num="42" type="stmt" count="30"/>
      <line num="53" type="method" name="embedsOne" visibility="protected" complexity="4" crap="4" count="10"/>
      <line num="58" type="stmt" count="10"/>
      <line num="59" type="stmt" count="10"/>
      <line num="61" type="stmt" count="10"/>
      <line num="64" type="stmt" count="10"/>
      <line num="65" type="stmt" count="10"/>
      <line num="68" type="stmt" count="10"/>
      <line num="69" type="stmt" count="10"/>
      <line num="72" type="stmt" count="10"/>
      <line num="74" type="stmt" count="10"/>
      <line num="76" type="stmt" count="10"/>
      <metrics loc="78" ncloc="62" classes="1" methods="2" coveredmethods="2" conditionals="0" coveredconditionals="0" statements="20" coveredstatements="20" elements="22" coveredelements="22"/>
    </file>
    <file name="/code/src/Jenssegers/Mongodb/Eloquent/HybridRelations.php">
      <class name="Jenssegers\Mongodb\Eloquent\HybridRelations" namespace="global">
        <metrics complexity="34" methods="9" coveredmethods="5" conditionals="0" coveredconditionals="0" statements="68" coveredstatements="63" elements="77" coveredelements="68"/>
      </class>
      <line num="24" type="method" name="hasOne" visibility="public" complexity="4" crap="4" count="5"/>
      <line num="27" type="stmt" count="5"/>
      <line num="28" type="stmt" count="1"/>
      <line num="31" type="stmt" count="5"/>
      <line num="33" type="stmt" count="5"/>
      <line num="35" type="stmt" count="5"/>
      <line num="37" type="stmt" count="5"/>
      <line num="59" type="method" name="morphOne" visibility="public" complexity="3" crap="3.04" count="1"/>
      <line num="62" type="stmt" count="1"/>
      <line num="63" type="stmt" count="0"/>
      <line num="66" type="stmt" count="1"/>
      <line num="68" type="stmt" count="1"/>
      <line num="70" type="stmt" count="1"/>
      <line num="72" type="stmt" count="1"/>
      <line num="90" type="method" name="hasMany" visibility="public" complexity="4" crap="4" count="9"/>
      <line num="93" type="stmt" count="9"/>
      <line num="94" type="stmt" count="2"/>
      <line num="97" type="stmt" count="9"/>
      <line num="99" type="stmt" count="9"/>
      <line num="101" type="stmt" count="9"/>
      <line num="103" type="stmt" count="9"/>
      <line num="125" type="method" name="morphMany" visibility="public" complexity="3" crap="3.03" count="1"/>
      <line num="128" type="stmt" count="1"/>
      <line num="129" type="stmt" count="0"/>
      <line num="132" type="stmt" count="1"/>
      <line num="137" type="stmt" count="1"/>
      <line num="139" type="stmt" count="1"/>
      <line num="141" type="stmt" count="1"/>
      <line num="143" type="stmt" count="1"/>
      <line num="163" type="method" name="belongsTo" visibility="public" complexity="5" crap="5" count="4"/>
      <line num="168" type="stmt" count="4"/>
      <line num="169" type="stmt" count="4"/>
      <line num="171" type="stmt" count="4"/>
      <line num="175" type="stmt" count="4"/>
      <line num="176" type="stmt" count="2"/>
      <line num="182" type="stmt" count="3"/>
      <line num="183" type="stmt" count="3"/>
      <line num="186" type="stmt" count="3"/>
      <line num="191" type="stmt" count="3"/>
      <line num="193" type="stmt" count="3"/>
      <line num="195" type="stmt" count="3"/>
      <line num="206" type="method" name="morphTo" visibility="public" complexity="3" crap="3" count="1"/>
      <line num="211" type="stmt" count="1"/>
      <line num="212" type="stmt" count="1"/>
      <line num="214" type="stmt" count="1"/>
      <line num="217" type="stmt" count="1"/>
      <line num="222" type="stmt" count="1"/>
      <line num="223" type="stmt" count="1"/>
      <line num="224" type="stmt" count="1"/>
      <line num="231" type="stmt" count="1"/>
      <line num="233" type="stmt" count="1"/>
      <line num="235" type="stmt" count="1"/>
      <line num="236" type="stmt" count="1"/>
      <line num="263" type="method" name="belongsToMany" visibility="public" complexity="8" crap="8.15" count="8"/>
      <line num="275" type="stmt" count="8"/>
      <line num="276" type="stmt" count="7"/>
      <line num="280" type="stmt" count="8"/>
      <line num="281" type="stmt" count="0"/>
      <line num="282" type="stmt" count="0"/>
      <line num="295" type="stmt" count="8"/>
      <line num="297" type="stmt" count="8"/>
      <line num="299" type="stmt" count="8"/>
      <line num="304" type="stmt" count="8"/>
      <line num="305" type="stmt" count="7"/>
      <line num="311" type="stmt" count="8"/>
      <line num="313" type="stmt" count="8"/>
      <line num="314" type="stmt" count="8"/>
      <line num="319" type="stmt" count="8"/>
      <line num="320" type="stmt" count="8"/>
      <line num="329" type="method" name="guessBelongsToManyRelation" visibility="protected" complexity="2" crap="2.15" count="7"/>
      <line num="331" type="stmt" count="7"/>
      <line num="332" type="stmt" count="0"/>
      <line num="335" type="stmt" count="7"/>
      <line num="341" type="method" name="newEloquentBuilder" visibility="public" complexity="2" crap="2" count="114"/>
      <line num="343" type="stmt" count="114"/>
      <line num="344" type="stmt" count="112"/>
      <line num="347" type="stmt" count="3"/>
      <metrics loc="349" ncloc="234" classes="1" methods="9" coveredmethods="5" conditionals="0" coveredconditionals="0" statements="68" coveredstatements="63" elements="77" coveredelements="68"/>
    </file>
    <file name="/code/src/Jenssegers/Mongodb/Eloquent/Model.php">
      <class name="Jenssegers\Mongodb\Eloquent\Model" namespace="global">
        <metrics complexity="82" methods="27" coveredmethods="19" conditionals="0" coveredconditionals="0" statements="128" coveredstatements="118" elements="155" coveredelements="137"/>
      </class>
      <line num="51" type="method" name="getIdAttribute" visibility="public" complexity="5" crap="5.07" count="72"/>
      <line num="55" type="stmt" count="72"/>
      <line num="56" type="stmt" count="10"/>
      <line num="60" type="stmt" count="72"/>
      <line num="61" type="stmt" count="71"/>
      <line num="62" type="stmt" count="36"/>
      <line num="63" type="stmt" count="0"/>
      <line num="66" type="stmt" count="36"/>
      <line num="72" type="method" name="getQualifiedKeyName" visibility="public" complexity="1" crap="1" count="26"/>
      <line num="74" type="stmt" count="26"/>
      <line num="80" type="method" name="fromDateTime" visibility="public" complexity="3" crap="3" count="109"/>
      <line num="83" type="stmt" count="109"/>
      <line num="84" type="stmt" count="108"/>
      <line num="88" type="stmt" count="3"/>
      <line num="89" type="stmt" count="1"/>
      <line num="92" type="stmt" count="3"/>
      <line num="98" type="method" name="asDateTime" visibility="protected" complexity="2" crap="2" count="30"/>
      <line num="101" type="stmt" count="30"/>
      <line num="102" type="stmt" count="30"/>
      <line num="105" type="stmt" count="2"/>
      <line num="111" type="method" name="getDateFormat" visibility="public" complexity="2" crap="6" count="0"/>
      <line num="113" type="stmt" count="0"/>
      <line num="119" type="method" name="freshTimestamp" visibility="public" complexity="1" crap="1" count="108"/>
      <line num="121" type="stmt" count="108"/>
      <line num="127" type="method" name="getTable" visibility="public" complexity="2" crap="2" count="119"/>
      <line num="129" type="stmt" count="119"/>
      <line num="135" type="method" name="getAttribute" visibility="public" complexity="6" crap="6.10" count="89"/>
      <line num="137" type="stmt" count="89"/>
      <line num="138" type="stmt" count="0"/>
      <line num="142" type="stmt" count="89"/>
      <line num="143" type="stmt" count="5"/>
      <line num="147" type="stmt" count="88"/>
      <line num="148" type="stmt" count="39"/>
      <line num="151" type="stmt" count="88"/>
      <line num="157" type="method" name="getAttributeFromArray" visibility="protected" complexity="2" crap="2" count="89"/>
      <line num="160" type="stmt" count="89"/>
      <line num="161" type="stmt" count="5"/>
      <line num="164" type="stmt" count="88"/>
      <line num="170" type="method" name="setAttribute" visibility="public" complexity="6" crap="6" count="108"/>
      <line num="173" type="stmt" count="108"/>
      <line num="174" type="stmt" count="32"/>
      <line num="176" type="stmt" count="32"/>
      <line num="178" type="stmt" count="108"/>
      <line num="179" type="stmt" count="3"/>
      <line num="180" type="stmt" count="1"/>
      <line num="183" type="stmt" count="3"/>
      <line num="185" type="stmt" count="3"/>
      <line num="188" type="stmt" count="108"/>
      <line num="194" type="method" name="attributesToArray" visibility="public" complexity="7" crap="7.05" count="7"/>
      <line num="196" type="stmt" count="7"/>
      <line num="202" type="stmt" count="7"/>
      <line num="203" type="stmt" count="7"/>
      <line num="204" type="stmt" count="6"/>
      <line num="205" type="stmt" count="7"/>
      <line num="206" type="stmt" count="0"/>
      <line num="211" type="stmt" count="7"/>
      <line num="212" type="stmt" count="7"/>
      <line num="213" type="stmt" count="1"/>
      <line num="217" type="stmt" count="7"/>
      <line num="223" type="method" name="getCasts" visibility="public" complexity="1" crap="1" count="111"/>
      <line num="225" type="stmt" count="111"/>
      <line num="231" type="method" name="originalIsEquivalent" visibility="public" complexity="10" crap="10.14" count="108"/>
      <line num="233" type="stmt" count="108"/>
      <line num="234" type="stmt" count="107"/>
      <line num="237" type="stmt" count="22"/>
      <line num="238" type="stmt" count="22"/>
      <line num="240" type="stmt" count="22"/>
      <line num="243" type="stmt" count="22"/>
      <line num="244" type="stmt" count="22"/>
      <line num="247" type="stmt" count="22"/>
      <line num="248" type="stmt" count="2"/>
      <line num="251" type="stmt" count="22"/>
      <line num="252" type="stmt" count="21"/>
      <line num="253" type="stmt" count="21"/>
      <line num="255" type="stmt" count="21"/>
      <line num="258" type="stmt" count="14"/>
      <line num="259" type="stmt" count="0"/>
      <line num="260" type="stmt" count="0"/>
      <line num="263" type="stmt" count="14"/>
      <line num="264" type="stmt" count="14"/>
      <line num="272" type="method" name="drop" visibility="public" complexity="2" crap="2" count="1"/>
      <line num="274" type="stmt" count="1"/>
      <line num="277" type="stmt" count="1"/>
      <line num="278" type="stmt" count="1"/>
      <line num="282" type="stmt" count="1"/>
      <line num="288" type="method" name="push" visibility="public" complexity="3" crap="3.01" count="9"/>
      <line num="290" type="stmt" count="9"/>
      <line num="291" type="stmt" count="9"/>
      <line num="293" type="stmt" count="9"/>
      <line num="294" type="stmt" count="9"/>
      <line num="296" type="stmt" count="1"/>
      <line num="300" type="stmt" count="9"/>
      <line num="302" type="stmt" count="9"/>
      <line num="304" type="stmt" count="9"/>
      <line num="306" type="stmt" count="9"/>
      <line num="309" type="stmt" count="0"/>
      <line num="318" type="method" name="pull" visibility="public" complexity="1" crap="1" count="5"/>
      <line num="321" type="stmt" count="5"/>
      <line num="323" type="stmt" count="5"/>
      <line num="325" type="stmt" count="5"/>
      <line num="327" type="stmt" count="5"/>
      <line num="336" type="method" name="pushAttributeValues" visibility="protected" complexity="6" crap="6" count="9"/>
      <line num="338" type="stmt" count="9"/>
      <line num="340" type="stmt" count="9"/>
      <line num="342" type="stmt" count="9"/>
      <line num="343" type="stmt" count="2"/>
      <line num="346" type="stmt" count="9"/>
      <line num="349" type="stmt" count="9"/>
      <line num="351" type="stmt" count="9"/>
      <line num="352" type="stmt" count="9"/>
      <line num="359" type="method" name="pullAttributeValues" visibility="protected" complexity="5" crap="5" count="5"/>
      <line num="361" type="stmt" count="5"/>
      <line num="363" type="stmt" count="5"/>
      <line num="364" type="stmt" count="5"/>
      <line num="365" type="stmt" count="5"/>
      <line num="367" type="stmt" count="5"/>
      <line num="368" type="stmt" count="5"/>
      <line num="373" type="stmt" count="5"/>
      <line num="375" type="stmt" count="5"/>
      <line num="376" type="stmt" count="5"/>
      <line num="381" type="method" name="getForeignKey" visibility="public" complexity="1" crap="1" count="14"/>
      <line num="383" type="stmt" count="14"/>
      <line num="390" type="method" name="setParentRelation" visibility="public" complexity="1" crap="1" count="36"/>
      <line num="392" type="stmt" count="36"/>
      <line num="393" type="stmt" count="36"/>
      <line num="399" type="method" name="getParentRelation" visibility="public" complexity="1" crap="1" count="111"/>
      <line num="401" type="stmt" count="111"/>
      <line num="407" type="method" name="newEloquentBuilder" visibility="public" complexity="1" crap="1" count="113"/>
      <line num="409" type="stmt" count="113"/>
      <line num="415" type="method" name="newBaseQueryBuilder" visibility="protected" complexity="1" crap="1" count="119"/>
      <line num="417" type="stmt" count="119"/>
      <line num="419" type="stmt" count="119"/>
      <line num="425" type="method" name="removeTableFromKey" visibility="protected" complexity="1" crap="2" count="0"/>
      <line num="427" type="stmt" count="0"/>
      <line num="434" type="method" name="getQueueableRelations" visibility="public" complexity="7" crap="7.29" count="2"/>
      <line num="436" type="stmt" count="2"/>
      <line num="438" type="stmt" count="2"/>
      <line num="439" type="stmt" count="2"/>
      <line num="440" type="stmt" count="2"/>
      <line num="443" type="stmt" count="2"/>
      <line num="444" type="stmt" count="1"/>
      <line num="445" type="stmt" count="0"/>
      <line num="449" type="stmt" count="2"/>
      <line num="450" type="stmt" count="1"/>
      <line num="451" type="stmt" count="0"/>
      <line num="456" type="stmt" count="2"/>
      <line num="463" type="method" name="getRelationsWithoutParent" visibility="protected" complexity="2" crap="2" count="2"/>
      <line num="465" type="stmt" count="2"/>
      <line num="467" type="stmt" count="2"/>
      <line num="468" type="stmt" count="2"/>
      <line num="471" type="stmt" count="2"/>
      <line num="477" type="method" name="__call" visibility="public" complexity="2" crap="2" count="119"/>
      <line num="480" type="stmt" count="119"/>
      <line num="481" type="stmt" count="1"/>
      <line num="484" type="stmt" count="119"/>
      <metrics loc="486" ncloc="373" classes="1" methods="27" coveredmethods="19" conditionals="0" coveredconditionals="0" statements="128" coveredstatements="118" elements="155" coveredelements="137"/>
    </file>
    <file name="/code/src/Jenssegers/Mongodb/Eloquent/SoftDeletes.php">
      <class name="Jenssegers\Mongodb\Eloquent\SoftDeletes" namespace="global">
        <metrics complexity="1" methods="1" coveredmethods="1" conditionals="0" coveredconditionals="0" statements="1" coveredstatements="1" elements="2" coveredelements="2"/>
      </class>
      <line num="12" type="method" name="getQualifiedDeletedAtColumn" visibility="public" complexity="1" crap="1" count="1"/>
      <line num="14" type="stmt" count="1"/>
      <metrics loc="16" ncloc="13" classes="1" methods="1" coveredmethods="1" conditionals="0" coveredconditionals="0" statements="1" coveredstatements="1" elements="2" coveredelements="2"/>
    </file>
    <file name="/code/src/Jenssegers/Mongodb/Helpers/EloquentBuilder.php">
      <class name="Jenssegers\Mongodb\Helpers\EloquentBuilder" namespace="global">
        <metrics complexity="0" methods="0" coveredmethods="0" conditionals="0" coveredconditionals="0" statements="0" coveredstatements="0" elements="0" coveredelements="0"/>
      </class>
      <metrics loc="10" ncloc="10" classes="0" methods="0" coveredmethods="0" conditionals="0" coveredconditionals="0" statements="0" coveredstatements="0" elements="0" coveredelements="0"/>
    </file>
    <file name="/code/src/Jenssegers/Mongodb/Helpers/QueriesRelationships.php">
      <class name="Jenssegers\Mongodb\Helpers\QueriesRelationships" namespace="global">
        <metrics complexity="27" methods="6" coveredmethods="4" conditionals="0" coveredconditionals="0" statements="52" coveredstatements="48" elements="58" coveredelements="52"/>
      </class>
      <line num="24" type="method" name="has" visibility="public" complexity="6" crap="6.01" count="4"/>
      <line num="26" type="stmt" count="4"/>
      <line num="27" type="stmt" count="0"/>
      <line num="30" type="stmt" count="4"/>
      <line num="34" type="stmt" count="4"/>
      <line num="35" type="stmt" count="3"/>
      <line num="41" type="stmt" count="1"/>
      <line num="42" type="stmt" count="1"/>
      <line num="43" type="stmt" count="1"/>
      <line num="45" type="stmt" count="1"/>
      <line num="46" type="stmt" count="1"/>
      <line num="52" type="stmt" count="1"/>
      <line num="53" type="stmt" count="1"/>
      <line num="56" type="stmt" count="1"/>
      <line num="57" type="stmt" count="1"/>
      <line num="65" type="method" name="isAcrossConnections" visibility="protected" complexity="1" crap="1" count="2"/>
      <line num="67" type="stmt" count="2"/>
      <line num="80" type="method" name="addHybridHas" visibility="public" complexity="3" crap="3" count="3"/>
      <line num="82" type="stmt" count="3"/>
      <line num="83" type="stmt" count="3"/>
      <line num="84" type="stmt" count="2"/>
      <line num="88" type="stmt" count="3"/>
      <line num="90" type="stmt" count="3"/>
      <line num="91" type="stmt" count="2"/>
      <line num="94" type="stmt" count="3"/>
      <line num="96" type="stmt" count="3"/>
      <line num="98" type="stmt" count="3"/>
      <line num="105" type="method" name="getHasCompareKey" visibility="protected" complexity="3" crap="3" count="3"/>
      <line num="107" type="stmt" count="3"/>
      <line num="108" type="stmt" count="3"/>
      <line num="111" type="stmt" count="1"/>
      <line num="120" type="method" name="getConstrainedRelatedIds" visibility="protected" complexity="9" crap="9" count="3"/>
      <line num="122" type="stmt" count="3"/>
      <line num="123" type="stmt" count="3"/>
      <line num="124" type="stmt" count="3"/>
      <line num="126" type="stmt" count="3"/>
      <line num="128" type="stmt" count="3"/>
      <line num="129" type="stmt" count="2"/>
      <line num="131" type="stmt" count="3"/>
      <line num="132" type="stmt" count="3"/>
      <line num="133" type="stmt" count="1"/>
      <line num="134" type="stmt" count="3"/>
      <line num="135" type="stmt" count="1"/>
      <line num="136" type="stmt" count="1"/>
      <line num="137" type="stmt" count="1"/>
      <line num="138" type="stmt" count="1"/>
      <line num="139" type="stmt" count="1"/>
      <line num="140" type="stmt" count="1"/>
      <line num="142" type="stmt" count="3"/>
      <line num="145" type="stmt" count="3"/>
      <line num="154" type="method" name="getRelatedConstraintKey" visibility="protected" complexity="5" crap="6.97" count="3"/>
      <line num="156" type="stmt" count="3"/>
      <line num="157" type="stmt" count="3"/>
      <line num="160" type="stmt" count="1"/>
      <line num="161" type="stmt" count="1"/>
      <line num="164" type="stmt" count="0"/>
      <line num="165" type="stmt" count="0"/>
      <line num="168" type="stmt" count="0"/>
      <metrics loc="170" ncloc="131" classes="1" methods="6" coveredmethods="4" conditionals="0" coveredconditionals="0" statements="52" coveredstatements="48" elements="58" coveredelements="52"/>
    </file>
    <file name="/code/src/Jenssegers/Mongodb/MongodbQueueServiceProvider.php">
      <class name="Jenssegers\Mongodb\MongodbQueueServiceProvider" namespace="global">
        <metrics complexity="2" methods="1" coveredmethods="0" conditionals="0" coveredconditionals="0" statements="6" coveredstatements="5" elements="7" coveredelements="5"/>
      </class>
      <line num="14" type="method" name="registerFailedJobServices" visibility="protected" complexity="2" crap="2.02" count="186"/>
      <line num="17" type="stmt" count="186"/>
      <line num="18" type="stmt" count="186"/>
      <line num="19" type="stmt" count="2"/>
      <line num="20" type="stmt" count="186"/>
      <line num="22" type="stmt" count="0"/>
      <line num="24" type="stmt" count="186"/>
      <metrics loc="25" ncloc="22" classes="1" methods="1" coveredmethods="0" conditionals="0" coveredconditionals="0" statements="6" coveredstatements="5" elements="7" coveredelements="5"/>
    </file>
    <file name="/code/src/Jenssegers/Mongodb/MongodbServiceProvider.php">
      <class name="Jenssegers\Mongodb\MongodbServiceProvider" namespace="global">
        <metrics complexity="2" methods="2" coveredmethods="2" conditionals="0" coveredconditionals="0" statements="15" coveredstatements="15" elements="17" coveredelements="17"/>
      </class>
      <line num="14" type="method" name="boot" visibility="public" complexity="1" crap="1" count="186"/>
      <line num="16" type="stmt" count="186"/>
      <line num="18" type="stmt" count="186"/>
      <line num="19" type="stmt" count="186"/>
      <line num="24" type="method" name="register" visibility="public" complexity="1" crap="1" count="186"/>
      <line num="27" type="stmt" count="186"/>
      <line num="28" type="stmt" count="186"/>
      <line num="29" type="stmt" count="186"/>
      <line num="30" type="stmt" count="186"/>
      <line num="31" type="stmt" count="186"/>
      <line num="32" type="stmt" count="186"/>
      <line num="35" type="stmt" count="186"/>
      <line num="36" type="stmt" count="6"/>
      <line num="37" type="stmt" count="5"/>
      <line num="38" type="stmt" count="6"/>
      <line num="39" type="stmt" count="186"/>
      <line num="40" type="stmt" count="186"/>
      <metrics loc="41" ncloc="35" classes="1" methods="2" coveredmethods="2" conditionals="0" coveredconditionals="0" statements="15" coveredstatements="15" elements="17" coveredelements="17"/>
    </file>
    <file name="/code/src/Jenssegers/Mongodb/Query/Builder.php">
      <class name="Jenssegers\Mongodb\Query\Builder" namespace="global">
        <metrics complexity="164" methods="49" coveredmethods="31" conditionals="0" coveredconditionals="0" statements="324" coveredstatements="286" elements="373" coveredelements="317"/>
      </class>
      <line num="127" type="method" name="__construct" visibility="public" complexity="1" crap="1" count="159"/>
      <line num="129" type="stmt" count="159"/>
      <line num="130" type="stmt" count="159"/>
      <line num="131" type="stmt" count="159"/>
      <line num="132" type="stmt" count="159"/>
      <line num="133" type="stmt" count="159"/>
      <line num="139" type="method" name="shouldUseCollections" visibility="protected" complexity="2" crap="2.03" count="159"/>
      <line num="141" type="stmt" count="159"/>
      <line num="142" type="stmt" count="159"/>
      <line num="143" type="stmt" count="159"/>
      <line num="144" type="stmt" count="159"/>
      <line num="147" type="stmt" count="0"/>
      <line num="155" type="method" name="project" visibility="public" complexity="2" crap="2" count="1"/>
      <line num="157" type="stmt" count="1"/>
      <line num="159" type="stmt" count="1"/>
      <line num="167" type="method" name="timeout" visibility="public" complexity="1" crap="2" count="0"/>
      <line num="169" type="stmt" count="0"/>
      <line num="171" type="stmt" count="0"/>
      <line num="179" type="method" name="hint" visibility="public" complexity="1" crap="2" count="0"/>
      <line num="181" type="stmt" count="0"/>
      <line num="183" type="stmt" count="0"/>
      <line num="189" type="method" name="find" visibility="public" complexity="1" crap="1" count="8"/>
      <line num="191" type="stmt" count="8"/>
      <line num="197" type="method" name="value" visibility="public" complexity="1" crap="1" count="1"/>
      <line num="199" type="stmt" count="1"/>
      <line num="201" type="stmt" count="1"/>
      <line num="207" type="method" name="get" visibility="public" complexity="1" crap="1" count="128"/>
      <line num="209" type="stmt" count="128"/>
      <line num="217" type="method" name="getFresh" visibility="public" complexity="40" crap="40.39" count="128"/>
      <line num="222" type="stmt" count="128"/>
      <line num="223" type="stmt" count="127"/>
      <line num="227" type="stmt" count="128"/>
      <line num="228" type="stmt" count="102"/>
      <line num="232" type="stmt" count="128"/>
      <line num="235" type="stmt" count="128"/>
      <line num="236" type="stmt" count="26"/>
      <line num="237" type="stmt" count="26"/>
      <line num="240" type="stmt" count="26"/>
      <line num="241" type="stmt" count="1"/>
      <line num="242" type="stmt" count="1"/>
      <line num="246" type="stmt" count="1"/>
      <line num="250" type="stmt" count="1"/>
      <line num="251" type="stmt" count="1"/>
      <line num="253" type="stmt" count="1"/>
      <line num="259" type="stmt" count="26"/>
      <line num="260" type="stmt" count="25"/>
      <line num="262" type="stmt" count="25"/>
      <line num="265" type="stmt" count="25"/>
      <line num="266" type="stmt" count="1"/>
      <line num="267" type="stmt" count="1"/>
      <line num="272" type="stmt" count="25"/>
      <line num="274" type="stmt" count="25"/>
      <line num="280" type="stmt" count="22"/>
      <line num="284" type="stmt" count="22"/>
      <line num="285" type="stmt" count="22"/>
      <line num="288" type="stmt" count="22"/>
      <line num="289" type="stmt" count="3"/>
      <line num="291" type="stmt" count="3"/>
      <line num="293" type="stmt" count="3"/>
      <line num="299" type="stmt" count="4"/>
      <line num="300" type="stmt" count="3"/>
      <line num="304" type="stmt" count="4"/>
      <line num="305" type="stmt" count="4"/>
      <line num="306" type="stmt" count="1"/>
      <line num="310" type="stmt" count="4"/>
      <line num="311" type="stmt" count="1"/>
      <line num="314" type="stmt" count="4"/>
      <line num="315" type="stmt" count="4"/>
      <line num="319" type="stmt" count="4"/>
      <line num="320" type="stmt" count="1"/>
      <line num="322" type="stmt" count="4"/>
      <line num="323" type="stmt" count="1"/>
      <line num="325" type="stmt" count="4"/>
      <line num="326" type="stmt" count="1"/>
      <line num="328" type="stmt" count="4"/>
      <line num="329" type="stmt" count="0"/>
      <line num="333" type="stmt" count="4"/>
      <line num="337" type="stmt" count="4"/>
      <line num="338" type="stmt" count="0"/>
      <line num="342" type="stmt" count="4"/>
      <line num="345" type="stmt" count="4"/>
      <line num="347" type="stmt" count="115"/>
      <line num="349" type="stmt" count="1"/>
      <line num="352" type="stmt" count="1"/>
      <line num="353" type="stmt" count="0"/>
      <line num="355" type="stmt" count="1"/>
      <line num="358" type="stmt" count="1"/>
      <line num="361" type="stmt" count="114"/>
      <line num="364" type="stmt" count="114"/>
      <line num="365" type="stmt" count="8"/>
      <line num="369" type="stmt" count="114"/>
      <line num="370" type="stmt" count="1"/>
      <line num="372" type="stmt" count="114"/>
      <line num="375" type="stmt" count="114"/>
      <line num="376" type="stmt" count="0"/>
      <line num="378" type="stmt" count="114"/>
      <line num="379" type="stmt" count="5"/>
      <line num="381" type="stmt" count="114"/>
      <line num="382" type="stmt" count="1"/>
      <line num="384" type="stmt" count="114"/>
      <line num="385" type="stmt" count="72"/>
      <line num="387" type="stmt" count="114"/>
      <line num="388" type="stmt" count="9"/>
      <line num="393" type="stmt" count="114"/>
      <line num="396" type="stmt" count="114"/>
      <line num="397" type="stmt" count="0"/>
      <line num="401" type="stmt" count="114"/>
      <line num="404" type="stmt" count="114"/>
      <line num="405" type="stmt" count="114"/>
      <line num="413" type="method" name="generateCacheKey" visibility="public" complexity="1" crap="2" count="0"/>
      <line num="416" type="stmt" count="0"/>
      <line num="417" type="stmt" count="0"/>
      <line num="418" type="stmt" count="0"/>
      <line num="419" type="stmt" count="0"/>
      <line num="420" type="stmt" count="0"/>
      <line num="421" type="stmt" count="0"/>
      <line num="422" type="stmt" count="0"/>
      <line num="423" type="stmt" count="0"/>
      <line num="424" type="stmt" count="0"/>
      <line num="427" type="stmt" count="0"/>
      <line num="433" type="method" name="aggregate" visibility="public" complexity="2" crap="2.00" count="24"/>
      <line num="435" type="stmt" count="24"/>
      <line num="437" type="stmt" count="24"/>
      <line num="442" type="stmt" count="24"/>
      <line num="444" type="stmt" count="24"/>
      <line num="446" type="stmt" count="24"/>
      <line num="451" type="stmt" count="24"/>
      <line num="452" type="stmt" count="24"/>
      <line num="453" type="stmt" count="24"/>
      <line num="455" type="stmt" count="24"/>
      <line num="456" type="stmt" count="24"/>
      <line num="458" type="stmt" count="24"/>
      <line num="460" type="stmt" count="0"/>
      <line num="465" type="method" name="exists" visibility="public" complexity="1" crap="1" count="1"/>
      <line num="467" type="stmt" count="1"/>
      <line num="473" type="method" name="distinct" visibility="public" complexity="2" crap="2" count="1"/>
      <line num="475" type="stmt" count="1"/>
      <line num="477" type="stmt" count="1"/>
      <line num="478" type="stmt" count="1"/>
      <line num="481" type="stmt" count="1"/>
      <line num="487" type="method" name="orderBy" visibility="public" complexity="4" crap="4" count="6"/>
      <line num="489" type="stmt" count="6"/>
      <line num="490" type="stmt" count="6"/>
      <line num="493" type="stmt" count="6"/>
      <line num="494" type="stmt" count="1"/>
      <line num="496" type="stmt" count="6"/>
      <line num="499" type="stmt" count="6"/>
      <line num="510" type="method" name="whereAll" visibility="public" complexity="1" crap="2" count="0"/>
      <line num="512" type="stmt" count="0"/>
      <line num="514" type="stmt" count="0"/>
      <line num="516" type="stmt" count="0"/>
      <line num="522" type="method" name="whereBetween" visibility="public" complexity="1" crap="1" count="2"/>
      <line num="524" type="stmt" count="2"/>
      <line num="526" type="stmt" count="2"/>
      <line num="528" type="stmt" count="2"/>
      <line num="534" type="method" name="forPage" visibility="public" complexity="1" crap="1" count="1"/>
      <line num="536" type="stmt" count="1"/>
      <line num="538" type="stmt" count="1"/>
      <line num="544" type="method" name="insert" visibility="public" complexity="4" crap="4" count="31"/>
      <line num="548" type="stmt" count="31"/>
      <line num="550" type="stmt" count="31"/>
      <line num="553" type="stmt" count="31"/>
      <line num="554" type="stmt" count="6"/>
      <line num="555" type="stmt" count="6"/>
      <line num="559" type="stmt" count="31"/>
      <line num="560" type="stmt" count="6"/>
      <line num="564" type="stmt" count="31"/>
      <line num="566" type="stmt" count="31"/>
      <line num="572" type="method" name="insertGetId" visibility="public" complexity="4" crap="4.07" count="117"/>
      <line num="574" type="stmt" count="117"/>
      <line num="576" type="stmt" count="117"/>
      <line num="577" type="stmt" count="117"/>
      <line num="578" type="stmt" count="10"/>
      <line num="582" type="stmt" count="117"/>
      <line num="584" type="stmt" count="0"/>
      <line num="589" type="method" name="update" visibility="public" complexity="2" crap="2" count="28"/>
      <line num="592" type="stmt" count="28"/>
      <line num="593" type="stmt" count="28"/>
      <line num="596" type="stmt" count="28"/>
      <line num="602" type="method" name="increment" visibility="public" complexity="2" crap="2" count="1"/>
      <line num="604" type="stmt" count="1"/>
      <line num="606" type="stmt" count="1"/>
      <line num="607" type="stmt" count="1"/>
      <line num="611" type="stmt" count="1"/>
      <line num="612" type="stmt" count="1"/>
      <line num="614" type="stmt" count="1"/>
      <line num="615" type="stmt" count="1"/>
      <line num="617" type="stmt" count="1"/>
      <line num="623" type="method" name="decrement" visibility="public" complexity="1" crap="1" count="1"/>
      <line num="625" type="stmt" count="1"/>
      <line num="631" type="method" name="chunkById" visibility="public" complexity="1" crap="2" count="0"/>
      <line num="633" type="stmt" count="0"/>
      <line num="639" type="method" name="forPageAfterId" visibility="public" complexity="1" crap="1" count="1"/>
      <line num="641" type="stmt" count="1"/>
      <line num="647" type="method" name="pluck" visibility="public" complexity="4" crap="4" count="5"/>
      <line num="649" type="stmt" count="5"/>
      <line num="652" type="stmt" count="5"/>
      <line num="653" type="stmt" count="1"/>
      <line num="654" type="stmt" count="1"/>
      <line num="655" type="stmt" count="1"/>
      <line num="656" type="stmt" count="1"/>
      <line num="659" type="stmt" count="5"/>
      <line num="660" type="stmt" count="5"/>
      <line num="666" type="method" name="delete" visibility="public" complexity="3" crap="3.03" count="10"/>
      <line num="671" type="stmt" count="10"/>
      <line num="672" type="stmt" count="1"/>
      <line num="675" type="stmt" count="10"/>
      <line num="676" type="stmt" count="10"/>
      <line num="677" type="stmt" count="10"/>
      <line num="678" type="stmt" count="10"/>
      <line num="681" type="stmt" count="0"/>
      <line num="687" type="method" name="from" visibility="public" complexity="2" crap="2" count="159"/>
      <line num="689" type="stmt" count="159"/>
      <line num="690" type="stmt" count="159"/>
      <line num="693" type="stmt" count="159"/>
      <line num="699" type="method" name="truncate" visibility="public" complexity="1" crap="1" count="152"/>
      <line num="701" type="stmt" count="152"/>
      <line num="703" type="stmt" count="152"/>
      <line num="713" type="method" name="lists" visibility="public" complexity="1" crap="2" count="0"/>
      <line num="715" type="stmt" count="0"/>
      <line num="721" type="method" name="raw" visibility="public" complexity="3" crap="3.07" count="2"/>
      <line num="724" type="stmt" count="2"/>
      <line num="725" type="stmt" count="2"/>
      <line num="729" type="stmt" count="1"/>
      <line num="730" type="stmt" count="0"/>
      <line num="734" type="stmt" count="1"/>
      <line num="744" type="method" name="push" visibility="public" complexity="5" crap="5" count="34"/>
      <line num="747" type="stmt" count="34"/>
      <line num="750" type="stmt" count="34"/>
      <line num="752" type="stmt" count="34"/>
      <line num="753" type="stmt" count="1"/>
      <line num="754" type="stmt" count="34"/>
      <line num="755" type="stmt" count="9"/>
      <line num="757" type="stmt" count="30"/>
      <line num="760" type="stmt" count="34"/>
      <line num="769" type="method" name="pull" visibility="public" complexity="4" crap="4" count="9"/>
      <line num="772" type="stmt" count="9"/>
      <line num="775" type="stmt" count="9"/>
      <line num="777" type="stmt" count="9"/>
      <line num="778" type="stmt" count="1"/>
      <line num="780" type="stmt" count="9"/>
      <line num="783" type="stmt" count="9"/>
      <line num="791" type="method" name="drop" visibility="public" complexity="3" crap="3" count="2"/>
      <line num="793" type="stmt" count="2"/>
      <line num="794" type="stmt" count="1"/>
      <line num="797" type="stmt" count="2"/>
      <line num="799" type="stmt" count="2"/>
      <line num="800" type="stmt" count="2"/>
      <line num="803" type="stmt" count="2"/>
      <line num="805" type="stmt" count="2"/>
      <line num="811" type="method" name="newQuery" visibility="public" complexity="1" crap="1" count="3"/>
      <line num="813" type="stmt" count="3"/>
      <line num="822" type="method" name="performUpdate" visibility="protected" complexity="4" crap="4.05" count="59"/>
      <line num="825" type="stmt" count="59"/>
      <line num="826" type="stmt" count="59"/>
      <line num="829" type="stmt" count="59"/>
      <line num="830" type="stmt" count="59"/>
      <line num="831" type="stmt" count="59"/>
      <line num="832" type="stmt" count="59"/>
      <line num="835" type="stmt" count="0"/>
      <line num="843" type="method" name="convertKey" visibility="public" complexity="7" crap="7.39" count="77"/>
      <line num="845" type="stmt" count="77"/>
      <line num="846" type="stmt" count="61"/>
      <line num="849" type="stmt" count="41"/>
      <line num="850" type="stmt" count="0"/>
      <line num="853" type="stmt" count="41"/>
      <line num="859" type="method" name="where" visibility="public" complexity="3" crap="3" count="117"/>
      <line num="861" type="stmt" count="117"/>
      <line num="864" type="stmt" count="117"/>
      <line num="865" type="stmt" count="101"/>
      <line num="867" type="stmt" count="101"/>
      <line num="868" type="stmt" count="1"/>
      <line num="872" type="stmt" count="117"/>
      <line num="879" type="method" name="compileWheres" visibility="protected" complexity="22" crap="22.08" count="141"/>
      <line num="882" type="stmt" count="141"/>
      <line num="885" type="stmt" count="141"/>
      <line num="887" type="stmt" count="141"/>
      <line num="889" type="stmt" count="121"/>
      <line num="890" type="stmt" count="110"/>
      <line num="894" type="stmt" count="110"/>
      <line num="904" type="stmt" count="110"/>
      <line num="905" type="stmt" count="3"/>
      <line num="910" type="stmt" count="121"/>
      <line num="912" type="stmt" count="76"/>
      <line num="913" type="stmt" count="11"/>
      <line num="914" type="stmt" count="11"/>
      <line num="917" type="stmt" count="73"/>
      <line num="918" type="stmt" count="72"/>
      <line num="923" type="stmt" count="121"/>
      <line num="924" type="stmt" count="110"/>
      <line num="925" type="stmt" count="4"/>
      <line num="926" type="stmt" count="4"/>
      <line num="927" type="stmt" count="0"/>
      <line num="929" type="stmt" count="4"/>
      <line num="931" type="stmt" count="107"/>
      <line num="932" type="stmt" count="110"/>
      <line num="935" type="stmt" count="39"/>
      <line num="936" type="stmt" count="19"/>
      <line num="937" type="stmt" count="19"/>
      <line num="938" type="stmt" count="0"/>
      <line num="940" type="stmt" count="19"/>
      <line num="946" type="stmt" count="121"/>
      <line num="947" type="stmt" count="25"/>
      <line num="951" type="stmt" count="121"/>
      <line num="952" type="stmt" count="121"/>
      <line num="955" type="stmt" count="121"/>
      <line num="956" type="stmt" count="5"/>
      <line num="961" type="stmt" count="120"/>
      <line num="962" type="stmt" count="23"/>
      <line num="966" type="stmt" count="121"/>
      <line num="969" type="stmt" count="141"/>
      <line num="976" type="method" name="compileWhereAll" visibility="protected" complexity="1" crap="2" count="0"/>
      <line num="978" type="stmt" count="0"/>
      <line num="980" type="stmt" count="0"/>
      <line num="987" type="method" name="compileWhereBasic" visibility="protected" complexity="11" crap="11" count="115"/>
      <line num="989" type="stmt" count="115"/>
      <line num="992" type="stmt" count="115"/>
      <line num="993" type="stmt" count="4"/>
      <line num="994" type="stmt" count="1"/>
      <line num="996" type="stmt" count="3"/>
      <line num="1000" type="stmt" count="4"/>
      <line num="1003" type="stmt" count="4"/>
      <line num="1004" type="stmt" count="3"/>
      <line num="1006" type="stmt" count="4"/>
      <line num="1007" type="stmt" count="2"/>
      <line num="1010" type="stmt" count="4"/>
      <line num="1012" type="stmt" count="112"/>
      <line num="1014" type="stmt" count="3"/>
      <line num="1015" type="stmt" count="3"/>
      <line num="1016" type="stmt" count="3"/>
      <line num="1017" type="stmt" count="3"/>
      <line num="1018" type="stmt" count="3"/>
      <line num="1023" type="stmt" count="3"/>
      <line num="1024" type="stmt" count="1"/>
      <line num="1028" type="stmt" count="115"/>
      <line num="1029" type="stmt" count="101"/>
      <line num="1030" type="stmt" count="30"/>
      <line num="1031" type="stmt" count="23"/>
      <line num="1033" type="stmt" count="8"/>
      <line num="1036" type="stmt" count="115"/>
      <line num="1043" type="method" name="compileWhereNested" visibility="protected" complexity="1" crap="1" count="5"/>
      <line num="1045" type="stmt" count="5"/>
      <line num="1047" type="stmt" count="5"/>
      <line num="1054" type="method" name="compileWhereIn" visibility="protected" complexity="1" crap="1" count="17"/>
      <line num="1056" type="stmt" count="17"/>
      <line num="1058" type="stmt" count="17"/>
      <line num="1065" type="method" name="compileWhereNotIn" visibility="protected" complexity="1" crap="1" count="3"/>
      <line num="1067" type="stmt" count="3"/>
      <line num="1069" type="stmt" count="3"/>
      <line num="1076" type="method" name="compileWhereNull" visibility="protected" complexity="1" crap="1" count="4"/>
      <line num="1078" type="stmt" count="4"/>
      <line num="1079" type="stmt" count="4"/>
      <line num="1081" type="stmt" count="4"/>
      <line num="1088" type="method" name="compileWhereNotNull" visibility="protected" complexity="1" crap="1" count="14"/>
      <line num="1090" type="stmt" count="14"/>
      <line num="1091" type="stmt" count="14"/>
      <line num="1093" type="stmt" count="14"/>
      <line num="1100" type="method" name="compileWhereBetween" visibility="protected" complexity="2" crap="2" count="2"/>
      <line num="1102" type="stmt" count="2"/>
      <line num="1104" type="stmt" count="2"/>
      <line num="1109" type="stmt" count="1"/>
      <line num="1114" type="stmt" count="1"/>
      <line num="1123" type="stmt" count="2"/>
      <line num="1124" type="stmt" count="2"/>
      <line num="1133" type="method" name="compileWhereRaw" visibility="protected" complexity="1" crap="1" count="2"/>
      <line num="1135" type="stmt" count="2"/>
      <line num="1143" type="method" name="options" visibility="public" complexity="1" crap="2" count="0"/>
      <line num="1145" type="stmt" count="0"/>
      <line num="1147" type="stmt" count="0"/>
      <line num="1153" type="method" name="__call" visibility="public" complexity="2" crap="2.15" count="2"/>
      <line num="1155" type="stmt" count="2"/>
      <line num="1156" type="stmt" count="2"/>
      <line num="1159" type="stmt" count="0"/>
      <metrics loc="1161" ncloc="933" classes="1" methods="49" coveredmethods="31" conditionals="0" coveredconditionals="0" statements="324" coveredstatements="286" elements="373" coveredelements="317"/>
    </file>
    <file name="/code/src/Jenssegers/Mongodb/Query/Grammar.php">
      <class name="Jenssegers\Mongodb\Query\Grammar" namespace="global">
        <metrics complexity="0" methods="0" coveredmethods="0" conditionals="0" coveredconditionals="0" statements="0" coveredstatements="0" elements="0" coveredelements="0"/>
      </class>
      <metrics loc="9" ncloc="9" classes="0" methods="0" coveredmethods="0" conditionals="0" coveredconditionals="0" statements="0" coveredstatements="0" elements="0" coveredelements="0"/>
    </file>
    <file name="/code/src/Jenssegers/Mongodb/Query/Processor.php">
      <class name="Jenssegers\Mongodb\Query\Processor" namespace="global">
        <metrics complexity="0" methods="0" coveredmethods="0" conditionals="0" coveredconditionals="0" statements="0" coveredstatements="0" elements="0" coveredelements="0"/>
      </class>
      <metrics loc="9" ncloc="9" classes="0" methods="0" coveredmethods="0" conditionals="0" coveredconditionals="0" statements="0" coveredstatements="0" elements="0" coveredelements="0"/>
    </file>
    <file name="/code/src/Jenssegers/Mongodb/Queue/Failed/MongoFailedJobProvider.php">
      <class name="Jenssegers\Mongodb\Queue\Failed\MongoFailedJobProvider" namespace="global">
        <metrics complexity="5" methods="4" coveredmethods="0" conditionals="0" coveredconditionals="0" statements="15" coveredstatements="3" elements="19" coveredelements="3"/>
      </class>
      <line num="17" type="method" name="log" visibility="public" complexity="1" crap="2" count="0"/>
      <line num="19" type="stmt" count="0"/>
      <line num="21" type="stmt" count="0"/>
      <line num="22" type="stmt" count="0"/>
      <line num="28" type="method" name="all" visibility="public" complexity="1" crap="2" count="0"/>
      <line num="30" type="stmt" count="0"/>
      <line num="32" type="stmt" count="0"/>
      <line num="33" type="stmt" count="0"/>
      <line num="34" type="stmt" count="0"/>
      <line num="35" type="stmt" count="0"/>
      <line num="37" type="stmt" count="0"/>
      <line num="45" type="method" name="find" visibility="public" complexity="2" crap="2.26" count="1"/>
      <line num="47" type="stmt" count="1"/>
      <line num="49" type="stmt" count="1"/>
      <line num="50" type="stmt" count="1"/>
      <line num="53" type="stmt" count="0"/>
      <line num="55" type="stmt" count="0"/>
      <line num="63" type="method" name="forget" visibility="public" complexity="1" crap="2" count="0"/>
      <line num="65" type="stmt" count="0"/>
      <metrics loc="67" ncloc="46" classes="1" methods="4" coveredmethods="0" conditionals="0" coveredconditionals="0" statements="15" coveredstatements="3" elements="19" coveredelements="3"/>
    </file>
    <file name="/code/src/Jenssegers/Mongodb/Queue/MongoConnector.php">
      <class name="Jenssegers\Mongodb\Queue\MongoConnector" namespace="global">
        <metrics complexity="2" methods="2" coveredmethods="2" conditionals="0" coveredconditionals="0" statements="7" coveredstatements="7" elements="9" coveredelements="9"/>
      </class>
      <line num="21" type="method" name="__construct" visibility="public" complexity="1" crap="1" count="5"/>
      <line num="23" type="stmt" count="5"/>
      <line num="24" type="stmt" count="5"/>
      <line num="31" type="method" name="connect" visibility="public" complexity="1" crap="1" count="5"/>
      <line num="33" type="stmt" count="5"/>
      <line num="34" type="stmt" count="5"/>
      <line num="35" type="stmt" count="5"/>
      <line num="36" type="stmt" count="5"/>
      <line num="37" type="stmt" count="5"/>
      <metrics loc="40" ncloc="27" classes="1" methods="2" coveredmethods="2" conditionals="0" coveredconditionals="0" statements="7" coveredstatements="7" elements="9" coveredelements="9"/>
    </file>
    <file name="/code/src/Jenssegers/Mongodb/Queue/MongoJob.php">
      <class name="Jenssegers\Mongodb\Queue\MongoJob" namespace="global">
        <metrics complexity="2" methods="2" coveredmethods="2" conditionals="0" coveredconditionals="0" statements="2" coveredstatements="2" elements="4" coveredelements="4"/>
      </class>
      <line num="13" type="method" name="isReserved" visibility="public" complexity="1" crap="1" count="1"/>
      <line num="15" type="stmt" count="1"/>
      <line num="21" type="method" name="reservedAt" visibility="public" complexity="1" crap="1" count="1"/>
      <line num="23" type="stmt" count="1"/>
      <metrics loc="25" ncloc="18" classes="1" methods="2" coveredmethods="2" conditionals="0" coveredconditionals="0" statements="2" coveredstatements="2" elements="4" coveredelements="4"/>
    </file>
    <file name="/code/src/Jenssegers/Mongodb/Queue/MongoQueue.php">
      <class name="Jenssegers\Mongodb\Queue\MongoQueue" namespace="global">
        <metrics complexity="10" methods="6" coveredmethods="5" conditionals="0" coveredconditionals="0" statements="34" coveredstatements="33" elements="40" coveredelements="38"/>
      </class>
      <line num="27" type="method" name="__construct" visibility="public" complexity="1" crap="1" count="5"/>
      <line num="29" type="stmt" count="5"/>
      <line num="30" type="stmt" count="5"/>
      <line num="31" type="stmt" count="5"/>
      <line num="36" type="method" name="pop" visibility="public" complexity="3" crap="3.03" count="3"/>
      <line num="38" type="stmt" count="3"/>
      <line num="40" type="stmt" count="3"/>
      <line num="41" type="stmt" count="3"/>
      <line num="44" type="stmt" count="3"/>
      <line num="45" type="stmt" count="3"/>
      <line num="46" type="stmt" count="3"/>
      <line num="49" type="stmt" count="0"/>
      <line num="62" type="method" name="getNextAvailableJobAndReserve" visibility="protected" complexity="2" crap="2" count="3"/>
      <line num="64" type="stmt" count="3"/>
      <line num="66" type="stmt" count="3"/>
      <line num="68" type="stmt" count="3"/>
      <line num="72" type="stmt" count="3"/>
      <line num="73" type="stmt" count="3"/>
      <line num="80" type="stmt" count="3"/>
      <line num="85" type="stmt" count="3"/>
      <line num="86" type="stmt" count="3"/>
      <line num="89" type="stmt" count="3"/>
      <line num="97" type="method" name="releaseJobsThatHaveBeenReservedTooLong" visibility="protected" complexity="2" crap="2" count="3"/>
      <line num="99" type="stmt" count="3"/>
      <line num="101" type="stmt" count="3"/>
      <line num="102" type="stmt" count="3"/>
      <line num="103" type="stmt" count="3"/>
      <line num="104" type="stmt" count="3"/>
      <line num="105" type="stmt" count="3"/>
      <line num="107" type="stmt" count="3"/>
      <line num="108" type="stmt" count="1"/>
      <line num="110" type="stmt" count="3"/>
      <line num="118" type="method" name="releaseJob" visibility="protected" complexity="1" crap="1" count="1"/>
      <line num="120" type="stmt" count="1"/>
      <line num="121" type="stmt" count="1"/>
      <line num="123" type="stmt" count="1"/>
      <line num="125" type="stmt" count="1"/>
      <line num="130" type="method" name="deleteReserved" visibility="public" complexity="1" crap="1" count="3"/>
      <line num="132" type="stmt" count="3"/>
      <line num="133" type="stmt" count="3"/>
      <metrics loc="134" ncloc="95" classes="1" methods="6" coveredmethods="5" conditionals="0" coveredconditionals="0" statements="34" coveredstatements="33" elements="40" coveredelements="38"/>
    </file>
    <file name="/code/src/Jenssegers/Mongodb/Relations/BelongsTo.php">
      <class name="Jenssegers\Mongodb\Relations\BelongsTo" namespace="global">
        <metrics complexity="8" methods="6" coveredmethods="3" conditionals="0" coveredconditionals="0" statements="10" coveredstatements="7" elements="16" coveredelements="10"/>
      </class>
      <line num="14" type="method" name="getHasCompareKey" visibility="public" complexity="1" crap="2" count="0"/>
      <line num="16" type="stmt" count="0"/>
      <line num="22" type="method" name="addConstraints" visibility="public" complexity="2" crap="2" count="3"/>
      <line num="24" type="stmt" count="3"/>
      <line num="28" type="stmt" count="2"/>
      <line num="30" type="stmt" count="3"/>
      <line num="35" type="method" name="addEagerConstraints" visibility="public" complexity="1" crap="1" count="1"/>
      <line num="40" type="stmt" count="1"/>
      <line num="42" type="stmt" count="1"/>
      <line num="43" type="stmt" count="1"/>
      <line num="48" type="method" name="getRelationExistenceQuery" visibility="public" complexity="1" crap="2" count="0"/>
      <line num="50" type="stmt" count="0"/>
      <line num="57" type="method" name="getOwnerKey" visibility="public" complexity="2" crap="2" count="3"/>
      <line num="59" type="stmt" count="3"/>
      <line num="68" type="method" name="whereInMethod" visibility="protected" complexity="1" crap="2" count="0"/>
      <line num="70" type="stmt" count="0"/>
      <metrics loc="72" ncloc="49" classes="1" methods="6" coveredmethods="3" conditionals="0" coveredconditionals="0" statements="10" coveredstatements="7" elements="16" coveredelements="10"/>
    </file>
    <file name="/code/src/Jenssegers/Mongodb/Relations/BelongsToMany.php">
      <class name="Jenssegers\Mongodb\Relations\BelongsToMany" namespace="global">
        <metrics complexity="42" methods="22" coveredmethods="14" conditionals="0" coveredconditionals="0" statements="82" coveredstatements="73" elements="104" coveredelements="87"/>
      </class>
      <line num="18" type="method" name="getHasCompareKey" visibility="public" complexity="1" crap="2" count="0"/>
      <line num="20" type="stmt" count="0"/>
      <line num="26" type="method" name="getRelationExistenceQuery" visibility="public" complexity="1" crap="2" count="0"/>
      <line num="28" type="stmt" count="0"/>
      <line num="34" type="method" name="hydratePivotRelation" visibility="protected" complexity="1" crap="1" count="7"/>
      <line num="37" type="stmt" count="7"/>
      <line num="44" type="method" name="getSelectColumns" visibility="protected" complexity="1" crap="2" count="0"/>
      <line num="46" type="stmt" count="0"/>
      <line num="52" type="method" name="shouldSelect" visibility="protected" complexity="1" crap="1" count="7"/>
      <line num="54" type="stmt" count="7"/>
      <line num="60" type="method" name="addConstraints" visibility="public" complexity="2" crap="2" count="8"/>
      <line num="62" type="stmt" count="8"/>
      <line num="63" type="stmt" count="8"/>
      <line num="65" type="stmt" count="8"/>
      <line num="71" type="method" name="setWhere" visibility="protected" complexity="1" crap="1" count="8"/>
      <line num="73" type="stmt" count="8"/>
      <line num="75" type="stmt" count="8"/>
      <line num="77" type="stmt" count="8"/>
      <line num="83" type="method" name="save" visibility="public" complexity="1" crap="1" count="2"/>
      <line num="85" type="stmt" count="2"/>
      <line num="87" type="stmt" count="2"/>
      <line num="89" type="stmt" count="2"/>
      <line num="95" type="method" name="create" visibility="public" complexity="1" crap="1" count="2"/>
      <line num="97" type="stmt" count="2"/>
      <line num="102" type="stmt" count="2"/>
      <line num="104" type="stmt" count="2"/>
      <line num="106" type="stmt" count="2"/>
      <line num="112" type="method" name="sync" visibility="public" complexity="9" crap="9.08" count="4"/>
      <line num="115" type="stmt" count="4"/>
      <line num="120" type="stmt" count="4"/>
      <line num="121" type="stmt" count="0"/>
      <line num="127" type="stmt" count="4"/>
      <line num="130" type="stmt" count="4"/>
      <line num="131" type="stmt" count="0"/>
      <line num="134" type="stmt" count="4"/>
      <line num="136" type="stmt" count="4"/>
      <line num="138" type="stmt" count="4"/>
      <line num="142" type="stmt" count="4"/>
      <line num="147" type="stmt" count="4"/>
      <line num="148" type="stmt" count="4"/>
      <line num="150" type="stmt" count="4"/>
      <line num="151" type="stmt" count="4"/>
      <line num="152" type="stmt" count="4"/>
      <line num="158" type="stmt" count="4"/>
      <line num="159" type="stmt" count="4"/>
      <line num="162" type="stmt" count="4"/>
      <line num="163" type="stmt" count="3"/>
      <line num="166" type="stmt" count="4"/>
      <line num="172" type="method" name="updateExistingPivot" visibility="public" complexity="1" crap="2" count="0"/>
      <line num="175" type="stmt" count="0"/>
      <line num="180" type="method" name="attach" visibility="public" complexity="4" crap="4" count="8"/>
      <line num="182" type="stmt" count="8"/>
      <line num="183" type="stmt" count="3"/>
      <line num="185" type="stmt" count="3"/>
      <line num="188" type="stmt" count="3"/>
      <line num="190" type="stmt" count="5"/>
      <line num="191" type="stmt" count="1"/>
      <line num="194" type="stmt" count="5"/>
      <line num="196" type="stmt" count="5"/>
      <line num="199" type="stmt" count="5"/>
      <line num="203" type="stmt" count="8"/>
      <line num="205" type="stmt" count="8"/>
      <line num="206" type="stmt" count="5"/>
      <line num="208" type="stmt" count="8"/>
      <line num="213" type="method" name="detach" visibility="public" complexity="4" crap="4.01" count="4"/>
      <line num="215" type="stmt" count="4"/>
      <line num="216" type="stmt" count="0"/>
      <line num="219" type="stmt" count="4"/>
      <line num="224" type="stmt" count="4"/>
      <line num="227" type="stmt" count="4"/>
      <line num="230" type="stmt" count="4"/>
      <line num="231" type="stmt" count="4"/>
      <line num="235" type="stmt" count="4"/>
      <line num="237" type="stmt" count="4"/>
      <line num="238" type="stmt" count="4"/>
      <line num="241" type="stmt" count="4"/>
      <line num="247" type="method" name="buildDictionary" visibility="protected" complexity="3" crap="3" count="2"/>
      <line num="249" type="stmt" count="2"/>
      <line num="254" type="stmt" count="2"/>
      <line num="256" type="stmt" count="2"/>
      <line num="257" type="stmt" count="2"/>
      <line num="258" type="stmt" count="2"/>
      <line num="262" type="stmt" count="2"/>
      <line num="268" type="method" name="newPivotQuery" visibility="public" complexity="1" crap="2" count="0"/>
      <line num="270" type="stmt" count="0"/>
      <line num="277" type="method" name="newRelatedQuery" visibility="public" complexity="1" crap="1" count="6"/>
      <line num="279" type="stmt" count="6"/>
      <line num="286" type="method" name="getForeignKey" visibility="public" complexity="1" crap="1" count="8"/>
      <line num="288" type="stmt" count="8"/>
      <line num="294" type="method" name="getQualifiedForeignPivotKeyName" visibility="public" complexity="1" crap="1" count="2"/>
      <line num="296" type="stmt" count="2"/>
      <line num="302" type="method" name="getQualifiedRelatedPivotKeyName" visibility="public" complexity="1" crap="2" count="0"/>
      <line num="304" type="stmt" count="0"/>
      <line num="314" type="method" name="formatSyncList" visibility="protected" complexity="3" crap="3" count="4"/>
      <line num="316" type="stmt" count="4"/>
      <line num="317" type="stmt" count="4"/>
      <line num="318" type="stmt" count="3"/>
      <line num="319" type="stmt" count="3"/>
      <line num="321" type="stmt" count="3"/>
      <line num="323" type="stmt" count="4"/>
      <line num="330" type="method" name="getRelatedKey" visibility="public" complexity="2" crap="2" count="8"/>
      <line num="332" type="stmt" count="8"/>
      <line num="341" type="method" name="whereInMethod" visibility="protected" complexity="1" crap="1" count="2"/>
      <line num="343" type="stmt" count="2"/>
      <metrics loc="345" ncloc="265" classes="1" methods="22" coveredmethods="14" conditionals="0" coveredconditionals="0" statements="82" coveredstatements="73" elements="104" coveredelements="87"/>
    </file>
    <file name="/code/src/Jenssegers/Mongodb/Relations/EmbedsMany.php">
      <class name="Jenssegers\Mongodb\Relations\EmbedsMany" namespace="global">
        <metrics complexity="44" methods="18" coveredmethods="16" conditionals="0" coveredconditionals="0" statements="84" coveredstatements="82" elements="102" coveredelements="98"/>
      </class>
      <line num="17" type="method" name="initRelation" visibility="public" complexity="2" crap="2" count="1"/>
      <line num="19" type="stmt" count="1"/>
      <line num="20" type="stmt" count="1"/>
      <line num="23" type="stmt" count="1"/>
      <line num="29" type="method" name="getResults" visibility="public" complexity="1" crap="1" count="28"/>
      <line num="31" type="stmt" count="28"/>
      <line num="39" type="method" name="performInsert" visibility="public" complexity="7" crap="7" count="26"/>
      <line num="42" type="stmt" count="26"/>
      <line num="43" type="stmt" count="26"/>
      <line num="47" type="stmt" count="26"/>
      <line num="48" type="stmt" count="4"/>
      <line num="49" type="stmt" count="4"/>
      <line num="53" type="stmt" count="24"/>
      <line num="56" type="stmt" count="24"/>
      <line num="57" type="stmt" count="24"/>
      <line num="60" type="stmt" count="24"/>
      <line num="68" type="method" name="performUpdate" visibility="public" complexity="4" crap="4" count="7"/>
      <line num="71" type="stmt" count="7"/>
      <line num="72" type="stmt" count="2"/>
      <line num="74" type="stmt" count="2"/>
      <line num="78" type="stmt" count="6"/>
      <line num="80" type="stmt" count="6"/>
      <line num="83" type="stmt" count="6"/>
      <line num="84" type="stmt" count="6"/>
      <line num="87" type="stmt" count="6"/>
      <line num="88" type="stmt" count="6"/>
      <line num="91" type="stmt" count="6"/>
      <line num="99" type="method" name="performDelete" visibility="public" complexity="3" crap="3" count="5"/>
      <line num="102" type="stmt" count="5"/>
      <line num="103" type="stmt" count="2"/>
      <line num="105" type="stmt" count="2"/>
      <line num="109" type="stmt" count="3"/>
      <line num="111" type="stmt" count="3"/>
      <line num="113" type="stmt" count="3"/>
      <line num="114" type="stmt" count="3"/>
      <line num="117" type="stmt" count="3"/>
      <line num="125" type="method" name="associate" visibility="public" complexity="2" crap="2" count="28"/>
      <line num="127" type="stmt" count="28"/>
      <line num="128" type="stmt" count="28"/>
      <line num="131" type="stmt" count="9"/>
      <line num="139" type="method" name="dissociate" visibility="public" complexity="3" crap="3" count="6"/>
      <line num="141" type="stmt" count="6"/>
      <line num="143" type="stmt" count="6"/>
      <line num="145" type="stmt" count="6"/>
      <line num="148" type="stmt" count="6"/>
      <line num="149" type="stmt" count="6"/>
      <line num="150" type="stmt" count="6"/>
      <line num="154" type="stmt" count="6"/>
      <line num="159" type="stmt" count="6"/>
      <line num="167" type="method" name="destroy" visibility="public" complexity="3" crap="3" count="3"/>
      <line num="169" type="stmt" count="3"/>
      <line num="171" type="stmt" count="3"/>
      <line num="174" type="stmt" count="3"/>
[...]
      <line num="274" type="stmt" count="34"/>
      <line num="275" type="stmt" count="34"/>
      <line num="278" type="stmt" count="34"/>
      <line num="280" type="stmt" count="34"/>
      <line num="283" type="stmt" count="34"/>
      <line num="285" type="stmt" count="34"/>
      <line num="292" type="method" name="getParentRelation" visibility="protected" complexity="1" crap="1" count="37"/>
      <line num="294" type="stmt" count="37"/>
      <line num="300" type="method" name="getQuery" visibility="public" complexity="1" crap="1" count="6"/>
      <line num="304" type="stmt" count="6"/>
      <line num="310" type="method" name="getBaseQuery" visibility="public" complexity="1" crap="1" count="31"/>
      <line num="314" type="stmt" count="31"/>
      <line num="321" type="method" name="isNested" visibility="protected" complexity="1" crap="1" count="31"/>
      <line num="323" type="stmt" count="31"/>
      <line num="331" type="method" name="getPathHierarchy" visibility="protected" complexity="2" crap="2" count="6"/>
      <line num="333" type="stmt" count="6"/>
      <line num="334" type="stmt" count="2"/>
      <line num="337" type="stmt" count="6"/>
      <line num="343" type="method" name="getQualifiedParentKeyName" visibility="public" complexity="2" crap="2" count="37"/>
      <line num="345" type="stmt" count="37"/>
      <line num="346" type="stmt" count="6"/>
      <line num="349" type="stmt" count="37"/>
      <line num="356" type="method" name="getParentKey" visibility="protected" complexity="1" crap="1" count="37"/>
      <line num="358" type="stmt" count="37"/>
      <line num="367" type="method" name="getUpdateValues" visibility="public" complexity="2" crap="2" count="11"/>
      <line num="369" type="stmt" count="11"/>
      <line num="371" type="stmt" count="11"/>
      <line num="372" type="stmt" count="11"/>
      <line num="375" type="stmt" count="11"/>
      <line num="382" type="method" name="getQualifiedForeignKeyName" visibility="public" complexity="1" crap="1" count="2"/>
      <line num="384" type="stmt" count="2"/>
      <line num="393" type="method" name="whereInMethod" visibility="protected" complexity="1" crap="2" count="0"/>
      <line num="395" type="stmt" count="0"/>
      <metrics loc="397" ncloc="270" classes="1" methods="26" coveredmethods="25" conditionals="0" coveredconditionals="0" statements="85" coveredstatements="84" elements="111" coveredelements="109"/>
    </file>
    <file name="/code/src/Jenssegers/Mongodb/Relations/HasMany.php">
      <class name="Jenssegers\Mongodb\Relations\HasMany" namespace="global">
        <metrics complexity="7" methods="7" coveredmethods="3" conditionals="0" coveredconditionals="0" statements="11" coveredstatements="3" elements="18" coveredelements="6"/>
      </class>
      <line num="15" type="method" name="getForeignKeyName" visibility="public" complexity="1" crap="1" count="8"/>
      <line num="17" type="stmt" count="8"/>
      <line num="24" type="method" name="getPlainForeignKey" visibility="public" complexity="1" crap="2" count="0"/>
      <line num="26" type="stmt" count="0"/>
      <line num="33" type="method" name="getHasCompareKey" visibility="public" complexity="1" crap="1" count="2"/>
      <line num="35" type="stmt" count="2"/>
      <line num="41" type="method" name="getRelationExistenceQuery" visibility="public" complexity="1" crap="2" count="0"/>
      <line num="43" type="stmt" count="0"/>
      <line num="45" type="stmt" count="0"/>
      <line num="54" type="method" name="getRelationCountQuery" visibility="public" complexity="1" crap="2" count="0"/>
      <line num="56" type="stmt" count="0"/>
      <line num="58" type="stmt" count="0"/>
      <line num="68" type="method" name="getRelationQuery" visibility="public" complexity="1" crap="2" count="0"/>
      <line num="70" type="stmt" count="0"/>
      <line num="72" type="stmt" count="0"/>
      <line num="74" type="stmt" count="0"/>
      <line num="83" type="method" name="whereInMethod" visibility="protected" complexity="1" crap="1" count="3"/>
      <line num="85" type="stmt" count="3"/>
      <metrics loc="87" ncloc="53" classes="1" methods="7" coveredmethods="3" conditionals="0" coveredconditionals="0" statements="11" coveredstatements="3" elements="18" coveredelements="6"/>
    </file>
    <file name="/code/src/Jenssegers/Mongodb/Relations/HasOne.php">
      <class name="Jenssegers\Mongodb\Relations\HasOne" namespace="global">
        <metrics complexity="7" methods="7" coveredmethods="3" conditionals="0" coveredconditionals="0" statements="11" coveredstatements="3" elements="18" coveredelements="6"/>
      </class>
      <line num="15" type="method" name="getForeignKeyName" visibility="public" complexity="1" crap="1" count="5"/>
      <line num="17" type="stmt" count="5"/>
      <line num="24" type="method" name="getHasCompareKey" visibility="public" complexity="1" crap="1" count="1"/>
      <line num="26" type="stmt" count="1"/>
      <line num="33" type="method" name="getPlainForeignKey" visibility="public" complexity="1" crap="2" count="0"/>
      <line num="35" type="stmt" count="0"/>
      <line num="41" type="method" name="getRelationExistenceQuery" visibility="public" complexity="1" crap="2" count="0"/>
      <line num="43" type="stmt" count="0"/>
      <line num="45" type="stmt" count="0"/>
      <line num="54" type="method" name="getRelationCountQuery" visibility="public" complexity="1" crap="2" count="0"/>
      <line num="56" type="stmt" count="0"/>
      <line num="58" type="stmt" count="0"/>
      <line num="68" type="method" name="getRelationQuery" visibility="public" complexity="1" crap="2" count="0"/>
      <line num="70" type="stmt" count="0"/>
      <line num="72" type="stmt" count="0"/>
      <line num="74" type="stmt" count="0"/>
      <line num="83" type="method" name="whereInMethod" visibility="protected" complexity="1" crap="1" count="1"/>
      <line num="85" type="stmt" count="1"/>
      <metrics loc="87" ncloc="53" classes="1" methods="7" coveredmethods="3" conditionals="0" coveredconditionals="0" statements="11" coveredstatements="3" elements="18" coveredelements="6"/>
    </file>
    <file name="/code/src/Jenssegers/Mongodb/Relations/MorphTo.php">
      <class name="Jenssegers\Mongodb\Relations\MorphTo" namespace="global">
        <metrics complexity="6" methods="4" coveredmethods="3" conditionals="0" coveredconditionals="0" statements="9" coveredstatements="8" elements="13" coveredelements="11"/>
      </class>
      <line num="13" type="method" name="addConstraints" visibility="public" complexity="2" crap="2" count="1"/>
      <line num="15" type="stmt" count="1"/>
      <line num="19" type="stmt" count="1"/>
      <line num="21" type="stmt" count="1"/>
      <line num="26" type="method" name="getResultsByType" visibility="protected" complexity="1" crap="1" count="1"/>
      <line num="28" type="stmt" count="1"/>
      <line num="30" type="stmt" count="1"/>
      <line num="32" type="stmt" count="1"/>
      <line num="34" type="stmt" count="1"/>
      <line num="41" type="method" name="getOwnerKey" visibility="public" complexity="2" crap="2" count="1"/>
      <line num="43" type="stmt" count="1"/>
      <line num="52" type="method" name="whereInMethod" visibility="protected" complexity="1" crap="2" count="0"/>
      <line num="54" type="stmt" count="0"/>
      <metrics loc="56" ncloc="40" classes="1" methods="4" coveredmethods="3" conditionals="0" coveredconditionals="0" statements="9" coveredstatements="8" elements="13" coveredelements="11"/>
    </file>
    <file name="/code/src/Jenssegers/Mongodb/Schema/Blueprint.php">
      <class name="Jenssegers\Mongodb\Schema\Blueprint" namespace="global">
        <metrics complexity="35" methods="18" coveredmethods="17" conditionals="0" coveredconditionals="0" statements="74" coveredstatements="73" elements="92" coveredelements="90"/>
      </class>
      <line num="30" type="method" name="__construct" visibility="public" complexity="1" crap="1" count="21"/>
      <line num="32" type="stmt" count="21"/>
      <line num="34" type="stmt" count="21"/>
      <line num="35" type="stmt" count="21"/>
      <line num="40" type="method" name="index" visibility="public" complexity="5" crap="5" count="16"/>
      <line num="42" type="stmt" count="16"/>
      <line num="45" type="stmt" count="16"/>
      <line num="47" type="stmt" count="12"/>
      <line num="49" type="stmt" count="12"/>
      <line num="50" type="stmt" count="12"/>
      <line num="53" type="stmt" count="12"/>
      <line num="56" type="stmt" count="16"/>
      <line num="57" type="stmt" count="2"/>
      <line num="60" type="stmt" count="16"/>
      <line num="62" type="stmt" count="16"/>
      <line num="68" type="method" name="primary" visibility="public" complexity="1" crap="1" count="1"/>
      <line num="70" type="stmt" count="1"/>
      <line num="76" type="method" name="dropIndex" visibility="public" complexity="1" crap="1" count="2"/>
      <line num="78" type="stmt" count="2"/>
      <line num="80" type="stmt" count="2"/>
      <line num="82" type="stmt" count="2"/>
      <line num="91" type="method" name="dropIndexIfExists" visibility="public" complexity="2" crap="2" count="1"/>
      <line num="93" type="stmt" count="1"/>
      <line num="94" type="stmt" count="1"/>
      <line num="96" type="stmt" count="1"/>
      <line num="105" type="method" name="hasIndex" visibility="public" complexity="6" crap="6.10" count="2"/>
      <line num="107" type="stmt" count="2"/>
      <line num="108" type="stmt" count="2"/>
      <line num="109" type="stmt" count="2"/>
      <line num="110" type="stmt" count="0"/>
      <line num="113" type="stmt" count="2"/>
      <line num="114" type="stmt" count="2"/>
      <line num="117" type="stmt" count="1"/>
      <line num="124" type="method" name="transformColumns" visibility="protected" complexity="3" crap="3" count="3"/>
      <line num="126" type="stmt" count="3"/>
      <line num="127" type="stmt" count="3"/>
      <line num="130" type="stmt" count="3"/>
      <line num="132" type="stmt" count="3"/>
      <line num="133" type="stmt" count="3"/>
      <line num="136" type="stmt" count="3"/>
      <line num="138" type="stmt" count="3"/>
      <line num="144" type="method" name="unique" visibility="public" complexity="1" crap="1" count="4"/>
      <line num="146" type="stmt" count="4"/>
      <line num="148" type="stmt" count="4"/>
      <line num="150" type="stmt" count="4"/>
      <line num="152" type="stmt" count="4"/>
      <line num="160" type="method" name="background" visibility="public" complexity="1" crap="1" count="1"/>
      <line num="162" type="stmt" count="1"/>
      <line num="164" type="stmt" count="1"/>
      <line num="166" type="stmt" count="1"/>
      <line num="175" type="method" name="sparse" visibility="public" complexity="1" crap="1" count="1"/>
      <line num="177" type="stmt" count="1"/>
      <line num="179" type="stmt" count="1"/>
      <line num="181" type="stmt" count="1"/>
      <line num="183" type="stmt" count="1"/>
      <line num="193" type="method" name="geospatial" visibility="public" complexity="4" crap="4" count="4"/>
      <line num="195" type="stmt" count="4"/>
      <line num="196" type="stmt" count="4"/>
      <line num="198" type="stmt" count="4"/>
      <line num="200" type="stmt" count="4"/>
      <line num="201" type="stmt" count="4"/>
      <line num="204" type="stmt" count="4"/>
      <line num="207" type="stmt" count="4"/>
      <line num="217" type="method" name="expire" visibility="public" complexity="1" crap="1" count="1"/>
      <line num="219" type="stmt" count="1"/>
      <line num="221" type="stmt" count="1"/>
      <line num="223" type="stmt" count="1"/>
      <line num="229" type="method" name="create" visibility="public" complexity="1" crap="1" count="4"/>
      <line num="231" type="stmt" count="4"/>
      <line num="233" type="stmt" count="4"/>
      <line num="236" type="stmt" count="4"/>
      <line num="237" type="stmt" count="4"/>
      <line num="242" type="method" name="drop" visibility="public" complexity="1" crap="1" count="21"/>
      <line num="244" type="stmt" count="21"/>
      <line num="245" type="stmt" count="21"/>
      <line num="250" type="method" name="addColumn" visibility="public" complexity="1" crap="1" count="4"/>
      <line num="252" type="stmt" count="4"/>
      <line num="254" type="stmt" count="4"/>
      <line num="263" type="method" name="sparse_and_unique" visibility="public" complexity="1" crap="1" count="1"/>
      <line num="265" type="stmt" count="1"/>
      <line num="267" type="stmt" count="1"/>
      <line num="268" type="stmt" count="1"/>
      <line num="270" type="stmt" count="1"/>
      <line num="272" type="stmt" count="1"/>
      <line num="280" type="method" name="fluent" visibility="protected" complexity="3" crap="3" count="16"/>
      <line num="282" type="stmt" count="16"/>
      <line num="283" type="stmt" count="4"/>
      <line num="284" type="stmt" count="16"/>
      <line num="285" type="stmt" count="16"/>
      <line num="287" type="stmt" count="14"/>
      <line num="297" type="method" name="__call" visibility="public" complexity="1" crap="1" count="1"/>
      <line num="300" type="stmt" count="1"/>
      <metrics loc="302" ncloc="208" classes="1" methods="18" coveredmethods="17" conditionals="0" coveredconditionals="0" statements="74" coveredstatements="73" elements="92" coveredelements="90"/>
    </file>
    <file name="/code/src/Jenssegers/Mongodb/Schema/Builder.php">
      <class name="Jenssegers\Mongodb\Schema\Builder" namespace="global">
        <metrics complexity="20" methods="13" coveredmethods="8" conditionals="0" coveredconditionals="0" statements="33" coveredstatements="21" elements="46" coveredelements="29"/>
      </class>
      <line num="13" type="method" name="__construct" visibility="public" complexity="1" crap="1" count="22"/>
      <line num="15" type="stmt" count="22"/>
      <line num="16" type="stmt" count="22"/>
      <line num="21" type="method" name="hasColumn" visibility="public" complexity="1" crap="2" count="0"/>
      <line num="23" type="stmt" count="0"/>
      <line num="29" type="method" name="hasColumns" visibility="public" complexity="1" crap="2" count="0"/>
      <line num="31" type="stmt" count="0"/>
      <line num="39" type="method" name="hasCollection" visibility="public" complexity="3" crap="3" count="4"/>
      <line num="41" type="stmt" count="4"/>
      <line num="43" type="stmt" count="4"/>
      <line num="44" type="stmt" count="4"/>
      <line num="45" type="stmt" count="3"/>
      <line num="49" type="stmt" count="1"/>
      <line num="55" type="method" name="hasTable" visibility="public" complexity="1" crap="1" count="2"/>
      <line num="57" type="stmt" count="2"/>
      <line num="66" type="method" name="collection" visibility="public" complexity="2" crap="2" count="17"/>
      <line num="68" type="stmt" count="17"/>
      <line num="70" type="stmt" count="17"/>
      <line num="71" type="stmt" count="17"/>
      <line num="73" type="stmt" count="17"/>
      <line num="78" type="method" name="table" visibility="public" complexity="1" crap="1" count="1"/>
      <line num="80" type="stmt" count="1"/>
      <line num="86" type="method" name="create" visibility="public" complexity="2" crap="2" count="4"/>
      <line num="88" type="stmt" count="4"/>
      <line num="90" type="stmt" count="4"/>
      <line num="92" type="stmt" count="4"/>
      <line num="93" type="stmt" count="1"/>
      <line num="95" type="stmt" count="4"/>
      <line num="100" type="method" name="dropIfExists" visibility="public" complexity="2" crap="6" count="0"/>
      <line num="102" type="stmt" count="0"/>
      <line num="103" type="stmt" count="0"/>
      <line num="106" type="stmt" count="0"/>
      <line num="112" type="method" name="drop" visibility="public" complexity="1" crap="1" count="21"/>
      <line num="114" type="stmt" count="21"/>
      <line num="116" type="stmt" count="21"/>
      <line num="122" type="method" name="dropAllTables" visibility="public" complexity="2" crap="6" count="0"/>
      <line num="124" type="stmt" count="0"/>
      <line num="125" type="stmt" count="0"/>
      <line num="127" type="stmt" count="0"/>
      <line num="132" type="method" name="createBlueprint" visibility="protected" complexity="1" crap="1" count="21"/>
      <line num="134" type="stmt" count="21"/>
      <line num="141" type="method" name="getAllCollections" visibility="protected" complexity="2" crap="6" count="0"/>
      <line num="143" type="stmt" count="0"/>
      <line num="144" type="stmt" count="0"/>
      <line num="145" type="stmt" count="0"/>
      <line num="148" type="stmt" count="0"/>
      <metrics loc="150" ncloc="105" classes="1" methods="13" coveredmethods="8" conditionals="0" coveredconditionals="0" statements="33" coveredstatements="21" elements="46" coveredelements="29"/>
    </file>
    <file name="/code/src/Jenssegers/Mongodb/Schema/Grammar.php">
      <class name="Jenssegers\Mongodb\Schema\Grammar" namespace="global">
        <metrics complexity="0" methods="0" coveredmethods="0" conditionals="0" coveredconditionals="0" statements="0" coveredstatements="0" elements="0" coveredelements="0"/>
      </class>
      <metrics loc="9" ncloc="9" classes="0" methods="0" coveredmethods="0" conditionals="0" coveredconditionals="0" statements="0" coveredstatements="0" elements="0" coveredelements="0"/>
    </file>
    <file name="/code/src/Jenssegers/Mongodb/Validation/DatabasePresenceVerifier.php">
      <class name="Jenssegers\Mongodb\Validation\DatabasePresenceVerifier" namespace="global">
        <metrics complexity="7" methods="2" coveredmethods="0" conditionals="0" coveredconditionals="0" statements="11" coveredstatements="8" elements="13" coveredelements="8"/>
      </class>
      <line num="17" type="method" name="getCount" visibility="public" complexity="5" crap="5.93" count="2"/>
      <line num="19" type="stmt" count="2"/>
      <line num="21" type="stmt" count="2"/>
      <line num="22" type="stmt" count="0"/>
      <line num="25" type="stmt" count="2"/>
      <line num="26" type="stmt" count="0"/>
      <line num="29" type="stmt" count="2"/>
      <line num="40" type="method" name="getMultiCount" visibility="public" complexity="2" crap="2.03" count="1"/>
      <line num="43" type="stmt" count="1"/>
      <line num="45" type="stmt" count="1"/>
      <line num="47" type="stmt" count="1"/>
      <line num="48" type="stmt" count="0"/>
      <line num="51" type="stmt" count="1"/>
      <metrics loc="53" ncloc="35" classes="1" methods="2" coveredmethods="0" conditionals="0" coveredconditionals="0" statements="11" coveredstatements="8" elements="13" coveredelements="8"/>
    </file>
    <file name="/code/src/Jenssegers/Mongodb/Validation/ValidationServiceProvider.php">
      <class name="Jenssegers\Mongodb\Validation\ValidationServiceProvider" namespace="global">
        <metrics complexity="1" methods="1" coveredmethods="1" conditionals="0" coveredconditionals="0" statements="4" coveredstatements="4" elements="5" coveredelements="5"/>
      </class>
      <line num="9" type="method" name="registerPresenceVerifier" visibility="protected" complexity="1" crap="1" count="186"/>
      <line num="11" type="stmt" count="186"/>
      <line num="12" type="stmt" count="2"/>
      <line num="13" type="stmt" count="186"/>
      <line num="14" type="stmt" count="186"/>
      <metrics loc="15" ncloc="15" classes="1" methods="1" coveredmethods="1" conditionals="0" coveredconditionals="0" statements="4" coveredstatements="4" elements="5" coveredelements="5"/>
    </file>
    <metrics files="35" loc="5382" ncloc="4019" classes="30" methods="285" coveredmethods="198" conditionals="0" coveredconditionals="0" statements="1279" coveredstatements="1113" elements="1564" coveredelements="1311"/>
  </project>
</coverage>
